2025-04-25 19:05:05,978 - portfolio_api - ERROR - Error getting education: Test error
2025-04-25 19:05:06,002 - portfolio_api - ERROR - Error getting experiences: Test error
2025-04-25 19:05:06,026 - portfolio_api - ERROR - Error getting projects: Test error
2025-04-25 19:05:06,039 - portfolio_api - ERROR - Error getting social media: Test error
2025-04-25 19:10:48,129 - portfolio_api - ERROR - Error getting education: Test error
2025-04-25 19:10:48,152 - portfolio_api - ERROR - Error getting experiences: Test error
2025-04-25 19:10:48,172 - portfolio_api - ERROR - Error getting projects: Test error
2025-04-25 19:10:48,190 - portfolio_api - ERROR - Error getting social media: Test error
2025-04-28 00:15:05,366 - portfolio_api - ERROR - Error getting education: Test error
2025-04-28 00:15:05,579 - portfolio_api - ERROR - Error getting experiences: Test error
2025-04-28 00:15:05,618 - portfolio_api - ERROR - Error getting projects: Test error
2025-04-28 00:15:05,646 - portfolio_api - ERROR - Error getting social media: Test error
2025-04-28 00:17:33,573 - portfolio_api - ERROR - Error getting social media: Test error
2025-04-28 00:18:19,643 - portfolio_api - ERROR - Error getting social media: Test error
2025-04-28 00:18:45,281 - portfolio_api - ERROR - Error getting education: Test error
2025-04-28 00:22:19,677 - portfolio_api - ERROR - Error getting education: Test error
2025-04-28 00:22:19,712 - portfolio_api - ERROR - Error getting experiences: Test error
2025-04-28 00:22:19,825 - portfolio_api - ERROR - Error getting projects: Test error
2025-04-28 00:22:19,852 - portfolio_api - ERROR - Error getting social media: Test error
2025-04-28 00:22:53,680 - portfolio_api - ERROR - Error getting education: Test error
2025-04-28 00:22:53,739 - portfolio_api - ERROR - Error getting experiences: Test error
2025-04-28 00:22:53,782 - portfolio_api - ERROR - Error getting projects: Test error
2025-04-28 00:22:53,810 - portfolio_api - ERROR - Error getting social media: Test error
2025-04-28 09:57:22,176 - portfolio_api - ERROR - Error getting education: Test error
2025-04-28 09:57:22,206 - portfolio_api - ERROR - Error getting experiences: Test error
2025-04-28 09:57:22,229 - portfolio_api - ERROR - Error getting projects: Test error
2025-04-28 09:57:22,246 - portfolio_api - ERROR - Error getting social media: Test error
2025-04-28 10:04:04,702 - portfolio_api - ERROR - Error getting education: Test error
2025-04-28 10:04:04,727 - portfolio_api - ERROR - Error getting experiences: Test error
2025-04-28 10:04:04,748 - portfolio_api - ERROR - Error getting projects: Test error
2025-04-28 10:04:04,762 - portfolio_api - ERROR - Error getting social media: Test error
2025-04-28 17:53:42,165 - portfolio_api - ERROR - Error getting education: Test error
2025-04-28 17:53:42,196 - portfolio_api - ERROR - Error getting experiences: Test error
2025-04-28 17:53:42,219 - portfolio_api - ERROR - Error getting projects: Test error
2025-04-28 17:53:42,236 - portfolio_api - ERROR - Error getting social media: Test error
2025-05-05 09:38:17,530 - portfolio_api - ERROR - Error getting education: Test error
2025-05-05 09:38:17,558 - portfolio_api - ERROR - Error getting experiences: Test error
2025-05-05 09:38:17,579 - portfolio_api - ERROR - Error getting projects: Test error
2025-05-05 09:38:17,593 - portfolio_api - ERROR - Error getting social media: Test error
2025-05-05 12:55:46,733 - portfolio_api - ERROR - Error getting education: Test error
2025-05-05 12:55:46,760 - portfolio_api - ERROR - Error getting experiences: Test error
2025-05-05 12:55:46,783 - portfolio_api - ERROR - Error getting projects: Test error
2025-05-05 12:55:46,798 - portfolio_api - ERROR - Error getting social media: Test error
2025-05-20 00:29:10,601 - portfolio_api - ERROR - Error getting education: Test error
2025-05-20 00:29:10,629 - portfolio_api - ERROR - Error getting experiences: Object of type MagicMock is not JSON serializable
2025-05-20 00:29:10,633 - portfolio_api - ERROR - Error getting experiences: Test error
2025-05-20 00:29:10,640 - portfolio_api - ERROR - Error getting projects: Test error
2025-05-20 00:29:10,645 - portfolio_api - ERROR - Error getting social media: Test error
2025-05-20 12:25:22,416 - portfolio_api - ERROR - Error getting education: Test error
2025-05-20 12:25:22,425 - portfolio_api - ERROR - Error getting experiences: Object of type MagicMock is not JSON serializable
2025-05-20 12:25:22,429 - portfolio_api - ERROR - Error getting experiences: Test error
2025-05-20 12:25:22,436 - portfolio_api - ERROR - Error getting projects: Test error
2025-05-20 12:25:22,442 - portfolio_api - ERROR - Error getting social media: Test error
2025-05-24 22:59:37,854 - portfolio_api - ERROR - Error getting education: Test error
2025-05-24 22:59:37,864 - portfolio_api - ERROR - Error getting experiences: Test error
2025-05-24 22:59:37,872 - portfolio_api - ERROR - Error getting projects: Test error
2025-05-24 22:59:37,877 - portfolio_api - ERROR - Error getting social media: Test error
2025-08-30 17:53:31,791 - portfolio_api - ERROR - 
============================================================
❌ Falha ao conectar ao banco de dados! [Worker PID: 5283]
------------------------------------------------------------
Detalhes do erro:
(psycopg2.OperationalError) could not translate host name "postgres" to address: nodename nor servname provided, or not known

(Background on this error at: https://sqlalche.me/e/20/e3q8)
============================================================
Tentando novamente em 10 segundos...

2025-08-30 17:53:41,802 - portfolio_api - ERROR - 
============================================================
❌ Falha ao conectar ao banco de dados! [Worker PID: 5283]
------------------------------------------------------------
Detalhes do erro:
(psycopg2.OperationalError) could not translate host name "postgres" to address: nodename nor servname provided, or not known

(Background on this error at: https://sqlalche.me/e/20/e3q8)
============================================================
Tentando novamente em 10 segundos...

2025-08-30 17:53:51,816 - portfolio_api - ERROR - 
============================================================
❌ Falha ao conectar ao banco de dados! [Worker PID: 5283]
------------------------------------------------------------
Detalhes do erro:
(psycopg2.OperationalError) could not translate host name "postgres" to address: nodename nor servname provided, or not known

(Background on this error at: https://sqlalche.me/e/20/e3q8)
============================================================
Tentando novamente em 10 segundos...

2025-08-30 17:54:01,831 - portfolio_api - ERROR - 
============================================================
❌ Falha ao conectar ao banco de dados! [Worker PID: 5283]
------------------------------------------------------------
Detalhes do erro:
(psycopg2.OperationalError) could not translate host name "postgres" to address: nodename nor servname provided, or not known

(Background on this error at: https://sqlalche.me/e/20/e3q8)
============================================================
Tentando novamente em 10 segundos...

2025-08-30 17:59:45,832 - portfolio_api - ERROR - 
============================================================
❌ Falha ao conectar ao banco de dados! [Worker PID: 10717]
------------------------------------------------------------
Detalhes do erro:
(psycopg2.OperationalError) could not translate host name "postgres" to address: nodename nor servname provided, or not known

(Background on this error at: https://sqlalche.me/e/20/e3q8)
============================================================
Tentando novamente em 10 segundos...

2025-08-30 17:59:55,849 - portfolio_api - ERROR - 
============================================================
❌ Falha ao conectar ao banco de dados! [Worker PID: 10717]
------------------------------------------------------------
Detalhes do erro:
(psycopg2.OperationalError) could not translate host name "postgres" to address: nodename nor servname provided, or not known

(Background on this error at: https://sqlalche.me/e/20/e3q8)
============================================================
Tentando novamente em 10 segundos...

2025-08-30 18:00:05,867 - portfolio_api - ERROR - 
============================================================
❌ Falha ao conectar ao banco de dados! [Worker PID: 10717]
------------------------------------------------------------
Detalhes do erro:
(psycopg2.OperationalError) could not translate host name "postgres" to address: nodename nor servname provided, or not known

(Background on this error at: https://sqlalche.me/e/20/e3q8)
============================================================
Tentando novamente em 10 segundos...

2025-08-30 18:00:15,883 - portfolio_api - ERROR - 
============================================================
❌ Falha ao conectar ao banco de dados! [Worker PID: 10717]
------------------------------------------------------------
Detalhes do erro:
(psycopg2.OperationalError) could not translate host name "postgres" to address: nodename nor servname provided, or not known

(Background on this error at: https://sqlalche.me/e/20/e3q8)
============================================================
Tentando novamente em 10 segundos...

2025-08-30 18:01:54,615 - portfolio_api - ERROR - 
============================================================
❌ Falha ao conectar ao banco de dados! [Worker PID: 12657]
------------------------------------------------------------
Detalhes do erro:
(psycopg2.OperationalError) could not translate host name "postgres" to address: nodename nor servname provided, or not known

(Background on this error at: https://sqlalche.me/e/20/e3q8)
============================================================
Tentando novamente em 10 segundos...

2025-08-30 18:03:21,614 - portfolio_api - ERROR - 
============================================================
❌ Tentativa 1/3 falhou ao conectar ao banco! [Worker PID: 14044]
------------------------------------------------------------
Detalhes do erro:
(psycopg2.OperationalError) could not translate host name "postgres" to address: nodename nor servname provided, or not known

(Background on this error at: https://sqlalche.me/e/20/e3q8)
============================================================
Tentando novamente em 10 segundos...

2025-08-30 18:03:31,636 - portfolio_api - ERROR - 
============================================================
❌ Tentativa 2/3 falhou ao conectar ao banco! [Worker PID: 14044]
------------------------------------------------------------
Detalhes do erro:
(psycopg2.OperationalError) could not translate host name "postgres" to address: nodename nor servname provided, or not known

(Background on this error at: https://sqlalche.me/e/20/e3q8)
============================================================
Tentando novamente em 10 segundos...

2025-08-30 18:03:41,649 - portfolio_api - ERROR - 
============================================================
❌ Falha definitiva ao conectar ao banco após 3 tentativas! [Worker PID: 14044]
------------------------------------------------------------
Detalhes do erro:
(psycopg2.OperationalError) could not translate host name "postgres" to address: nodename nor servname provided, or not known

(Background on this error at: https://sqlalche.me/e/20/e3q8)
============================================================

2025-08-30 18:05:30,813 - portfolio_api - ERROR - 
============================================================
❌ Tentativa 1/3 falhou ao conectar ao banco! [Worker PID: 15991]
------------------------------------------------------------
Detalhes do erro:
(psycopg2.OperationalError) could not translate host name "postgres" to address: nodename nor servname provided, or not known

(Background on this error at: https://sqlalche.me/e/20/e3q8)
============================================================
Tentando novamente em 3 segundos...

2025-08-30 18:05:33,826 - portfolio_api - ERROR - 
============================================================
❌ Tentativa 2/3 falhou ao conectar ao banco! [Worker PID: 15991]
------------------------------------------------------------
Detalhes do erro:
(psycopg2.OperationalError) could not translate host name "postgres" to address: nodename nor servname provided, or not known

(Background on this error at: https://sqlalche.me/e/20/e3q8)
============================================================
Tentando novamente em 3 segundos...

2025-08-30 18:05:36,836 - portfolio_api - ERROR - 
============================================================
❌ Falha definitiva ao conectar ao banco após 3 tentativas! [Worker PID: 15991]
------------------------------------------------------------
Detalhes do erro:
(psycopg2.OperationalError) could not translate host name "postgres" to address: nodename nor servname provided, or not known

(Background on this error at: https://sqlalche.me/e/20/e3q8)
============================================================

2025-08-30 18:10:31,402 - portfolio_api - ERROR - Error getting education: Test error
2025-08-30 18:10:31,415 - portfolio_api - ERROR - Error getting experiences: Test error
2025-08-30 18:10:31,425 - portfolio_api - ERROR - Error getting projects: Test error
2025-08-30 18:10:31,433 - portfolio_api - ERROR - Error getting social media: Test error
2025-08-30 18:11:52,524 - portfolio_api - ERROR - Error getting education: Test error
2025-08-30 18:11:52,559 - portfolio_api - ERROR - Error getting experiences: Test error
2025-08-30 18:11:52,576 - portfolio_api - ERROR - Error getting projects: Test error
2025-08-30 18:11:52,585 - portfolio_api - ERROR - Error getting social media: Test error
2025-09-24 00:20:34,126 - portfolio_api - ERROR - Error getting education: Test error
2025-09-24 00:20:34,138 - portfolio_api - ERROR - Error getting experiences: Test error
2025-09-24 00:20:34,148 - portfolio_api - ERROR - Error getting projects: Test error
2025-09-24 00:20:34,154 - portfolio_api - ERROR - Error getting social media: Test error
2025-09-24 19:12:38,073 - portfolio_api - INFO - ✅ Conexão com o banco de dados estabelecida com sucesso! [Tentativa: 1] [PID: 20878]
2025-09-24 19:12:38,180 - portfolio_api - ERROR - Erro ao conectar ao Redis: Error 8 connecting to redis:6379. nodename nor servname provided, or not known.
2025-09-24 19:12:39,263 - portfolio_api - INFO - ✅ Conexão com o banco de dados estabelecida com sucesso! [Tentativa: 1] [PID: 20888]
2025-09-24 19:12:39,273 - portfolio_api - ERROR - Erro ao conectar ao Redis: Error 8 connecting to redis:6379. nodename nor servname provided, or not known.
2025-09-24 19:12:54,727 - portfolio_api - ERROR - Erro ao acessar o Redis: Error 8 connecting to redis:6379. nodename nor servname provided, or not known.
2025-09-24 19:12:57,521 - portfolio_api - ERROR - Erro ao acessar o Redis: Error 8 connecting to redis:6379. nodename nor servname provided, or not known.
2025-09-24 19:12:59,336 - portfolio_api - ERROR - Erro ao acessar o Redis: Error 8 connecting to redis:6379. nodename nor servname provided, or not known.
2025-09-24 19:13:01,402 - portfolio_api - ERROR - Erro ao acessar o Redis: Error 8 connecting to redis:6379. nodename nor servname provided, or not known.
2025-09-24 19:13:01,471 - portfolio_api - ERROR - Erro ao acessar o Redis: Error 8 connecting to redis:6379. nodename nor servname provided, or not known.
2025-09-24 19:13:04,010 - portfolio_api - ERROR - Erro ao acessar o Redis: Error 8 connecting to redis:6379. nodename nor servname provided, or not known.
2025-09-24 19:13:05,541 - portfolio_api - ERROR - Erro ao acessar o Redis: Error 8 connecting to redis:6379. nodename nor servname provided, or not known.
2025-09-24 19:13:40,313 - portfolio_api - INFO - ✅ Conexão com o banco de dados estabelecida com sucesso! [Tentativa: 1] [PID: 21028]
2025-09-24 19:13:41,318 - portfolio_api - INFO - ✅ Conexão com o banco de dados estabelecida com sucesso! [Tentativa: 1] [PID: 21039]
2025-09-24 19:13:46,119 - portfolio_api - ERROR - Error getting social media: 'str' object has no attribute 'active'
2025-09-24 19:13:46,713 - portfolio_api - ERROR - Error getting social media: 'str' object has no attribute 'active'
2025-09-24 19:15:03,171 - portfolio_api - INFO - ✅ Conexão com o banco de dados estabelecida com sucesso! [Tentativa: 1] [PID: 21290]
2025-09-24 19:15:04,178 - portfolio_api - INFO - ✅ Conexão com o banco de dados estabelecida com sucesso! [Tentativa: 1] [PID: 21297]
2025-09-24 19:15:09,248 - portfolio_api - ERROR - Error getting projects: 'str' object has no attribute 'active'
2025-09-25 14:32:43,375 - portfolio_api - ERROR - Error getting education: Test error
2025-09-25 14:32:43,388 - portfolio_api - ERROR - Error getting experiences: Test error
2025-09-25 14:32:43,398 - portfolio_api - ERROR - Error getting projects: Test error
2025-09-25 14:32:43,405 - portfolio_api - ERROR - Error getting social media: Test error
2025-09-25 14:34:02,625 - portfolio_api - ERROR - Error getting education: Test error
2025-09-25 14:34:02,639 - portfolio_api - ERROR - Error getting experiences: Test error
2025-09-25 14:34:02,648 - portfolio_api - ERROR - Error getting projects: Test error
2025-09-25 14:34:02,654 - portfolio_api - ERROR - Error getting social media: Test error
2025-09-25 14:34:39,222 - portfolio_api - ERROR - Error getting education: Test error
2025-09-25 14:34:39,236 - portfolio_api - ERROR - Error getting experiences: Test error
2025-09-25 14:34:39,246 - portfolio_api - ERROR - Error getting projects: Test error
2025-09-25 14:34:39,254 - portfolio_api - ERROR - Error getting social media: Test error
